2026-02-20 16:06:12,318 NanoPlot 1.42.0 started with arguments Namespace(threads=16, verbose=False, store=False, raw=False, huge=False, outdir='/scratch/ky/characterization/results/barcode19/qc_report/', no_static=False, prefix='', tsv_stats=False, only_report=False, info_in_report=False, maxlength=None, minlength=None, drop_outliers=False, downsample=None, loglength=False, percentqual=False, alength=False, minqual=None, runtime_until=None, readtype='1D', barcoded=False, no_supplementary=False, color='#4CB391', colormap='Greens', format=['png'], plots=['kde', 'dot'], legacy=None, listcolors=False, listcolormaps=False, no_N50=False, N50=False, title=None, font_scale=1, dpi=100, hide_stats=False, fastq=['/scratch/ky/characterization/FASTQ/SQK-RBK114-96_barcode19.fastq'], fasta=None, fastq_rich=None, fastq_minimal=None, summary=None, bam=None, ubam=None, cram=None, pickle=None, feather=None, path='/scratch/ky/characterization/results/barcode19/qc_report/')
2026-02-20 16:06:12,318 Python version is: 3.10.12 (main, Nov  4 2025, 08:48:33) [GCC 11.4.0]
2026-02-20 16:06:12,332 Nanoget: Starting to collect statistics from plain fastq file.
2026-02-20 16:06:12,455 Reduced DataFrame memory usage from 0.021575927734375Mb to 0.021575927734375Mb
2026-02-20 16:06:12,463 Nanoget: Gathered all metrics of 1406 reads
2026-02-20 16:06:12,477 Calculated statistics
2026-02-20 16:06:12,478 Using sequenced read lengths for plotting.
2026-02-20 16:06:12,480 NanoPlot:  Valid color #4CB391.
2026-02-20 16:06:12,480 NanoPlot:  Valid colormap Greens.
2026-02-20 16:06:12,481 NanoPlot:  Creating length plots for Read length.
2026-02-20 16:06:12,481 NanoPlot:  Using 1406 reads maximum of 33947bp.
2026-02-20 16:06:23,408 Saved /scratch/ky/characterization/results/barcode19/qc_report/WeightedHistogramReadlength  as png (or png for --legacy)
2026-02-20 16:06:24,569 Saved /scratch/ky/characterization/results/barcode19/qc_report/WeightedLogTransformed_HistogramReadlength  as png (or png for --legacy)
2026-02-20 16:06:25,713 Saved /scratch/ky/characterization/results/barcode19/qc_report/Non_weightedHistogramReadlength  as png (or png for --legacy)
2026-02-20 16:06:26,852 Saved /scratch/ky/characterization/results/barcode19/qc_report/Non_weightedLogTransformed_HistogramReadlength  as png (or png for --legacy)
2026-02-20 16:06:28,136 Saved /scratch/ky/characterization/results/barcode19/qc_report/Yield_By_Length  as png (or png for --legacy)
2026-02-20 16:06:28,136 Created length plots
2026-02-20 16:06:28,137 NanoPlot: Creating Read lengths vs Average read quality plots using 1406 reads.
2026-02-20 16:06:29,371 Saved /scratch/ky/characterization/results/barcode19/qc_report/LengthvsQualityScatterPlot_dot  as png (or png for --legacy)
2026-02-20 16:06:30,540 Saved /scratch/ky/characterization/results/barcode19/qc_report/LengthvsQualityScatterPlot_kde  as png (or png for --legacy)
2026-02-20 16:06:30,540 Created LengthvsQual plot
2026-02-20 16:06:30,541 Writing html report.
2026-02-20 16:06:30,547 Finished!
