2026-02-20 16:02:38,609 NanoPlot 1.42.0 started with arguments Namespace(threads=16, verbose=False, store=False, raw=False, huge=False, outdir='/scratch/ky/characterization/results/barcode03/qc_report/', no_static=False, prefix='', tsv_stats=False, only_report=False, info_in_report=False, maxlength=None, minlength=None, drop_outliers=False, downsample=None, loglength=False, percentqual=False, alength=False, minqual=None, runtime_until=None, readtype='1D', barcoded=False, no_supplementary=False, color='#4CB391', colormap='Greens', format=['png'], plots=['kde', 'dot'], legacy=None, listcolors=False, listcolormaps=False, no_N50=False, N50=False, title=None, font_scale=1, dpi=100, hide_stats=False, fastq=['/scratch/ky/characterization/FASTQ/SQK-RBK114-96_barcode03.fastq'], fasta=None, fastq_rich=None, fastq_minimal=None, summary=None, bam=None, ubam=None, cram=None, pickle=None, feather=None, path='/scratch/ky/characterization/results/barcode03/qc_report/')
2026-02-20 16:02:38,609 Python version is: 3.10.12 (main, Nov  4 2025, 08:48:33) [GCC 11.4.0]
2026-02-20 16:02:38,623 Nanoget: Starting to collect statistics from plain fastq file.
2026-02-20 16:02:38,671 Reduced DataFrame memory usage from 0.0297698974609375Mb to 0.0297698974609375Mb
2026-02-20 16:02:38,679 Nanoget: Gathered all metrics of 1943 reads
2026-02-20 16:02:38,692 Calculated statistics
2026-02-20 16:02:38,693 Using sequenced read lengths for plotting.
2026-02-20 16:02:38,695 NanoPlot:  Valid color #4CB391.
2026-02-20 16:02:38,696 NanoPlot:  Valid colormap Greens.
2026-02-20 16:02:38,696 NanoPlot:  Creating length plots for Read length.
2026-02-20 16:02:38,696 NanoPlot:  Using 1943 reads maximum of 18708bp.
2026-02-20 16:02:49,364 No static plots are saved due to some kaleido problem:
2026-02-20 16:02:49,364 Transform failed with error code 1: Failed to serialize document: Uncaught
2026-02-20 16:02:58,610 Saved /scratch/ky/characterization/results/barcode03/qc_report/WeightedLogTransformed_HistogramReadlength  as png (or png for --legacy)
2026-02-20 16:02:59,778 Saved /scratch/ky/characterization/results/barcode03/qc_report/Non_weightedHistogramReadlength  as png (or png for --legacy)
2026-02-20 16:03:00,923 Saved /scratch/ky/characterization/results/barcode03/qc_report/Non_weightedLogTransformed_HistogramReadlength  as png (or png for --legacy)
2026-02-20 16:03:02,215 Saved /scratch/ky/characterization/results/barcode03/qc_report/Yield_By_Length  as png (or png for --legacy)
2026-02-20 16:03:02,215 Created length plots
2026-02-20 16:03:02,215 NanoPlot: Creating Read lengths vs Average read quality plots using 1943 reads.
2026-02-20 16:03:03,466 Saved /scratch/ky/characterization/results/barcode03/qc_report/LengthvsQualityScatterPlot_dot  as png (or png for --legacy)
2026-02-20 16:03:04,646 Saved /scratch/ky/characterization/results/barcode03/qc_report/LengthvsQualityScatterPlot_kde  as png (or png for --legacy)
2026-02-20 16:03:04,646 Created LengthvsQual plot
2026-02-20 16:03:04,646 Writing html report.
2026-02-20 16:03:04,653 Finished!
