2026-02-20 16:03:42,132 NanoPlot 1.42.0 started with arguments Namespace(threads=16, verbose=False, store=False, raw=False, huge=False, outdir='/scratch/ky/characterization/results/barcode07/qc_report/', no_static=False, prefix='', tsv_stats=False, only_report=False, info_in_report=False, maxlength=None, minlength=None, drop_outliers=False, downsample=None, loglength=False, percentqual=False, alength=False, minqual=None, runtime_until=None, readtype='1D', barcoded=False, no_supplementary=False, color='#4CB391', colormap='Greens', format=['png'], plots=['kde', 'dot'], legacy=None, listcolors=False, listcolormaps=False, no_N50=False, N50=False, title=None, font_scale=1, dpi=100, hide_stats=False, fastq=['/scratch/ky/characterization/FASTQ/SQK-RBK114-96_barcode07.fastq'], fasta=None, fastq_rich=None, fastq_minimal=None, summary=None, bam=None, ubam=None, cram=None, pickle=None, feather=None, path='/scratch/ky/characterization/results/barcode07/qc_report/')
2026-02-20 16:03:42,132 Python version is: 3.10.12 (main, Nov  4 2025, 08:48:33) [GCC 11.4.0]
2026-02-20 16:03:42,147 Nanoget: Starting to collect statistics from plain fastq file.
2026-02-20 16:03:42,206 Reduced DataFrame memory usage from 0.026031494140625Mb to 0.026031494140625Mb
2026-02-20 16:03:42,214 Nanoget: Gathered all metrics of 1698 reads
2026-02-20 16:03:42,228 Calculated statistics
2026-02-20 16:03:42,229 Using sequenced read lengths for plotting.
2026-02-20 16:03:42,230 Removed 1 artefactual reads with very short length and very high quality.
2026-02-20 16:03:42,234 Calculated statistics
2026-02-20 16:03:42,235 NanoPlot:  Valid color #4CB391.
2026-02-20 16:03:42,235 NanoPlot:  Valid colormap Greens.
2026-02-20 16:03:42,236 NanoPlot:  Creating length plots for Read length.
2026-02-20 16:03:42,236 NanoPlot:  Using 1697 reads maximum of 33205bp.
2026-02-20 16:03:43,981 Saved /scratch/ky/characterization/results/barcode07/qc_report/WeightedHistogramReadlength  as png (or png for --legacy)
2026-02-20 16:03:45,150 Saved /scratch/ky/characterization/results/barcode07/qc_report/WeightedLogTransformed_HistogramReadlength  as png (or png for --legacy)
2026-02-20 16:03:46,279 Saved /scratch/ky/characterization/results/barcode07/qc_report/Non_weightedHistogramReadlength  as png (or png for --legacy)
2026-02-20 16:03:47,454 Saved /scratch/ky/characterization/results/barcode07/qc_report/Non_weightedLogTransformed_HistogramReadlength  as png (or png for --legacy)
2026-02-20 16:03:48,733 Saved /scratch/ky/characterization/results/barcode07/qc_report/Yield_By_Length  as png (or png for --legacy)
2026-02-20 16:03:48,734 Created length plots
2026-02-20 16:03:48,734 NanoPlot: Creating Read lengths vs Average read quality plots using 1697 reads.
2026-02-20 16:03:49,948 Saved /scratch/ky/characterization/results/barcode07/qc_report/LengthvsQualityScatterPlot_dot  as png (or png for --legacy)
2026-02-20 16:03:51,120 Saved /scratch/ky/characterization/results/barcode07/qc_report/LengthvsQualityScatterPlot_kde  as png (or png for --legacy)
2026-02-20 16:03:51,120 Created LengthvsQual plot
2026-02-20 16:03:51,120 Writing html report.
2026-02-20 16:03:51,129 Finished!
