2026-02-20 16:03:06,986 NanoPlot 1.42.0 started with arguments Namespace(threads=16, verbose=False, store=False, raw=False, huge=False, outdir='/scratch/ky/characterization/results/barcode04/qc_report/', no_static=False, prefix='', tsv_stats=False, only_report=False, info_in_report=False, maxlength=None, minlength=None, drop_outliers=False, downsample=None, loglength=False, percentqual=False, alength=False, minqual=None, runtime_until=None, readtype='1D', barcoded=False, no_supplementary=False, color='#4CB391', colormap='Greens', format=['png'], plots=['kde', 'dot'], legacy=None, listcolors=False, listcolormaps=False, no_N50=False, N50=False, title=None, font_scale=1, dpi=100, hide_stats=False, fastq=['/scratch/ky/characterization/FASTQ/SQK-RBK114-96_barcode04.fastq'], fasta=None, fastq_rich=None, fastq_minimal=None, summary=None, bam=None, ubam=None, cram=None, pickle=None, feather=None, path='/scratch/ky/characterization/results/barcode04/qc_report/')
2026-02-20 16:03:06,986 Python version is: 3.10.12 (main, Nov  4 2025, 08:48:33) [GCC 11.4.0]
2026-02-20 16:03:07,001 Nanoget: Starting to collect statistics from plain fastq file.
2026-02-20 16:03:07,030 Reduced DataFrame memory usage from 0.0139617919921875Mb to 0.0139617919921875Mb
2026-02-20 16:03:07,038 Nanoget: Gathered all metrics of 907 reads
2026-02-20 16:03:07,052 Calculated statistics
2026-02-20 16:03:07,052 Using sequenced read lengths for plotting.
2026-02-20 16:03:07,055 NanoPlot:  Valid color #4CB391.
2026-02-20 16:03:07,055 NanoPlot:  Valid colormap Greens.
2026-02-20 16:03:07,055 NanoPlot:  Creating length plots for Read length.
2026-02-20 16:03:07,055 NanoPlot:  Using 907 reads maximum of 13677bp.
2026-02-20 16:03:08,790 Saved /scratch/ky/characterization/results/barcode04/qc_report/WeightedHistogramReadlength  as png (or png for --legacy)
2026-02-20 16:03:09,974 Saved /scratch/ky/characterization/results/barcode04/qc_report/WeightedLogTransformed_HistogramReadlength  as png (or png for --legacy)
2026-02-20 16:03:11,131 Saved /scratch/ky/characterization/results/barcode04/qc_report/Non_weightedHistogramReadlength  as png (or png for --legacy)
2026-02-20 16:03:12,275 Saved /scratch/ky/characterization/results/barcode04/qc_report/Non_weightedLogTransformed_HistogramReadlength  as png (or png for --legacy)
2026-02-20 16:03:13,537 Saved /scratch/ky/characterization/results/barcode04/qc_report/Yield_By_Length  as png (or png for --legacy)
2026-02-20 16:03:13,537 Created length plots
2026-02-20 16:03:13,537 NanoPlot: Creating Read lengths vs Average read quality plots using 907 reads.
2026-02-20 16:03:14,748 Saved /scratch/ky/characterization/results/barcode04/qc_report/LengthvsQualityScatterPlot_dot  as png (or png for --legacy)
2026-02-20 16:03:15,920 Saved /scratch/ky/characterization/results/barcode04/qc_report/LengthvsQualityScatterPlot_kde  as png (or png for --legacy)
2026-02-20 16:03:15,921 Created LengthvsQual plot
2026-02-20 16:03:15,921 Writing html report.
2026-02-20 16:03:15,927 Finished!
