2026-02-20 16:04:14,053 NanoPlot 1.42.0 started with arguments Namespace(threads=16, verbose=False, store=False, raw=False, huge=False, outdir='/scratch/ky/characterization/results/barcode09/qc_report/', no_static=False, prefix='', tsv_stats=False, only_report=False, info_in_report=False, maxlength=None, minlength=None, drop_outliers=False, downsample=None, loglength=False, percentqual=False, alength=False, minqual=None, runtime_until=None, readtype='1D', barcoded=False, no_supplementary=False, color='#4CB391', colormap='Greens', format=['png'], plots=['kde', 'dot'], legacy=None, listcolors=False, listcolormaps=False, no_N50=False, N50=False, title=None, font_scale=1, dpi=100, hide_stats=False, fastq=['/scratch/ky/characterization/FASTQ/SQK-RBK114-96_barcode09.fastq'], fasta=None, fastq_rich=None, fastq_minimal=None, summary=None, bam=None, ubam=None, cram=None, pickle=None, feather=None, path='/scratch/ky/characterization/results/barcode09/qc_report/')
2026-02-20 16:04:14,054 Python version is: 3.10.12 (main, Nov  4 2025, 08:48:33) [GCC 11.4.0]
2026-02-20 16:04:14,068 Nanoget: Starting to collect statistics from plain fastq file.
2026-02-20 16:04:14,270 Reduced DataFrame memory usage from 0.111724853515625Mb to 0.111724853515625Mb
2026-02-20 16:04:14,278 Nanoget: Gathered all metrics of 7314 reads
2026-02-20 16:04:14,293 Calculated statistics
2026-02-20 16:04:14,293 Using sequenced read lengths for plotting.
2026-02-20 16:04:14,294 Removed 4 artefactual reads with very short length and very high quality.
2026-02-20 16:04:14,300 Calculated statistics
2026-02-20 16:04:14,301 NanoPlot:  Valid color #4CB391.
2026-02-20 16:04:14,301 NanoPlot:  Valid colormap Greens.
2026-02-20 16:04:14,302 NanoPlot:  Creating length plots for Read length.
2026-02-20 16:04:14,302 NanoPlot:  Using 7310 reads maximum of 364827bp.
2026-02-20 16:04:16,035 Saved /scratch/ky/characterization/results/barcode09/qc_report/WeightedHistogramReadlength  as png (or png for --legacy)
2026-02-20 16:04:17,199 Saved /scratch/ky/characterization/results/barcode09/qc_report/WeightedLogTransformed_HistogramReadlength  as png (or png for --legacy)
2026-02-20 16:04:18,375 Saved /scratch/ky/characterization/results/barcode09/qc_report/Non_weightedHistogramReadlength  as png (or png for --legacy)
2026-02-20 16:04:19,525 Saved /scratch/ky/characterization/results/barcode09/qc_report/Non_weightedLogTransformed_HistogramReadlength  as png (or png for --legacy)
2026-02-20 16:04:20,814 Saved /scratch/ky/characterization/results/barcode09/qc_report/Yield_By_Length  as png (or png for --legacy)
2026-02-20 16:04:20,814 Created length plots
2026-02-20 16:04:20,815 NanoPlot: Creating Read lengths vs Average read quality plots using 7310 reads.
2026-02-20 16:04:22,055 Saved /scratch/ky/characterization/results/barcode09/qc_report/LengthvsQualityScatterPlot_dot  as png (or png for --legacy)
2026-02-20 16:04:23,258 Saved /scratch/ky/characterization/results/barcode09/qc_report/LengthvsQualityScatterPlot_kde  as png (or png for --legacy)
2026-02-20 16:04:23,258 Created LengthvsQual plot
2026-02-20 16:04:23,258 Writing html report.
2026-02-20 16:04:23,269 Finished!
