2026-02-20 16:05:18,018 NanoPlot 1.42.0 started with arguments Namespace(threads=16, verbose=False, store=False, raw=False, huge=False, outdir='/scratch/ky/characterization/results/barcode14/qc_report/', no_static=False, prefix='', tsv_stats=False, only_report=False, info_in_report=False, maxlength=None, minlength=None, drop_outliers=False, downsample=None, loglength=False, percentqual=False, alength=False, minqual=None, runtime_until=None, readtype='1D', barcoded=False, no_supplementary=False, color='#4CB391', colormap='Greens', format=['png'], plots=['kde', 'dot'], legacy=None, listcolors=False, listcolormaps=False, no_N50=False, N50=False, title=None, font_scale=1, dpi=100, hide_stats=False, fastq=['/scratch/ky/characterization/FASTQ/SQK-RBK114-96_barcode14.fastq'], fasta=None, fastq_rich=None, fastq_minimal=None, summary=None, bam=None, ubam=None, cram=None, pickle=None, feather=None, path='/scratch/ky/characterization/results/barcode14/qc_report/')
2026-02-20 16:05:18,018 Python version is: 3.10.12 (main, Nov  4 2025, 08:48:33) [GCC 11.4.0]
2026-02-20 16:05:18,033 Nanoget: Starting to collect statistics from plain fastq file.
2026-02-20 16:05:18,220 Reduced DataFrame memory usage from 0.0647125244140625Mb to 0.0647125244140625Mb
2026-02-20 16:05:18,229 Nanoget: Gathered all metrics of 4233 reads
2026-02-20 16:05:18,242 Calculated statistics
2026-02-20 16:05:18,243 Using sequenced read lengths for plotting.
2026-02-20 16:05:18,245 NanoPlot:  Valid color #4CB391.
2026-02-20 16:05:18,245 NanoPlot:  Valid colormap Greens.
2026-02-20 16:05:18,246 NanoPlot:  Creating length plots for Read length.
2026-02-20 16:05:18,246 NanoPlot:  Using 4233 reads maximum of 23385bp.
2026-02-20 16:05:20,003 Saved /scratch/ky/characterization/results/barcode14/qc_report/WeightedHistogramReadlength  as png (or png for --legacy)
2026-02-20 16:05:21,177 Saved /scratch/ky/characterization/results/barcode14/qc_report/WeightedLogTransformed_HistogramReadlength  as png (or png for --legacy)
2026-02-20 16:05:22,331 Saved /scratch/ky/characterization/results/barcode14/qc_report/Non_weightedHistogramReadlength  as png (or png for --legacy)
2026-02-20 16:05:23,480 Saved /scratch/ky/characterization/results/barcode14/qc_report/Non_weightedLogTransformed_HistogramReadlength  as png (or png for --legacy)
2026-02-20 16:05:24,786 Saved /scratch/ky/characterization/results/barcode14/qc_report/Yield_By_Length  as png (or png for --legacy)
2026-02-20 16:05:24,786 Created length plots
2026-02-20 16:05:24,787 NanoPlot: Creating Read lengths vs Average read quality plots using 4233 reads.
2026-02-20 16:05:26,010 Saved /scratch/ky/characterization/results/barcode14/qc_report/LengthvsQualityScatterPlot_dot  as png (or png for --legacy)
2026-02-20 16:05:27,183 Saved /scratch/ky/characterization/results/barcode14/qc_report/LengthvsQualityScatterPlot_kde  as png (or png for --legacy)
2026-02-20 16:05:27,183 Created LengthvsQual plot
2026-02-20 16:05:27,183 Writing html report.
2026-02-20 16:05:27,191 Finished!
